<?xml version="1.0" encoding="UTF-8"?>
<!-- Generated by org.testng.reporters.JUnitXMLReporter -->
<testsuite hostname="Helens-MacBook-Pro.local" name="Default test" tests="18" failures="0" timestamp="12 Sep 2017 07:32:29 GMT" time="1257.191" errors="0">
  <testcase name="testTimer" time="35.331" classname="Tests.TestTimerPage"/>
  <testcase name="testSecondLanguageDeutsch" time="68.604" classname="Tests.TestSecondLanguage"/>
  <testcase name="testHomePageFeeds" time="92.08" classname="Tests.TestHomeScreen"/>
  <testcase name="testSeeMoreNearBy" time="48.368" classname="Tests.TestHomeScreen"/>
  <testcase name="testFilterSortingFiveMins" time="64.689" classname="Tests.TestLibrarySearchFilterSortPage"/>
  <testcase name="testFilterSortingTenMins" time="45.879" classname="Tests.TestLibrarySearchFilterSortPage"/>
  <testcase name="testFilterSortingFifteenMins" time="32.947" classname="Tests.TestLibrarySearchFilterSortPage"/>
  <testcase name="testFilterSortingTwentyMins" time="33.079" classname="Tests.TestLibrarySearchFilterSortPage"/>
  <testcase name="testFilterSortingThirtyMins" time="34.614" classname="Tests.TestLibrarySearchFilterSortPage"/>
  <testcase name="testFilterSortingThirtyPlusMins" time="35.399" classname="Tests.TestLibrarySearchFilterSortPage"/>
  <testcase name="testFilterSortingMaleOnly" time="36.746" classname="Tests.TestLibrarySearchFilterSortPage"/>
  <testcase name="testFilterSortingFamaleOnly" time="35.979" classname="Tests.TestLibrarySearchFilterSortPage"/>
  <testcase name="testFilterSortingWithBackMusic" time="49.904" classname="Tests.TestLibrarySearchFilterSortPage"/>
  <testcase name="testFilterSortingWithoutBackMusic" time="38.319" classname="Tests.TestLibrarySearchFilterSortPage"/>
  <testcase name="testMyLibraryTeachers" time="25.464" classname="Tests.TestMyLibraryPage"/>
  <testcase name="testMyLibraryInterest" time="13.398" classname="Tests.TestMyLibraryPage"/>
  <testcase name="testMyBookmarks" time="9.585" classname="Tests.TestMyLibraryPage"/>
  <testcase name="testTeacherFollow" time="24.067" classname="Tests.TestMyLibraryPage"/>
</testsuite> <!-- Default test -->
