<?xml version="1.0" encoding="UTF-8"?>
<!-- Generated by org.testng.reporters.JUnitXMLReporter -->
<testsuite hostname="Helens-MacBook-Pro.local" name="Regression suite 1" tests="5" failures="0" timestamp="7 Sep 2017 04:45:01 GMT" time="540.025" errors="0">
  <testcase name="testMyLibraryTeachers" time="42.063" classname="Tests.TestMyLibraryPage"/>
  <testcase name="testMyLibraryInterest" time="15.965" classname="Tests.TestMyLibraryPage"/>
  <testcase name="testMyBookmarks" time="16.357" classname="Tests.TestMyLibraryPage"/>
  <testcase name="testHomePageFeeds" time="14.389" classname="Tests.TestHomeScreen"/>
  <testcase name="testTimer" time="48.949" classname="Tests.TestTimerPage"/>
</testsuite> <!-- Regression suite 1 -->
